{"/Users/mano/work/gilded-rose-kata-typescript/src/gilded-rose.js": {"path":"/Users/mano/work/gilded-rose-kata-typescript/src/gilded-rose.js","all":false,"statementMap":{"0":{"start":{"line":1,"column":0},"end":{"line":1,"column":38}},"1":{"start":{"line":2,"column":0},"end":{"line":2,"column":19}},"2":{"start":{"line":3,"column":0},"end":{"line":3,"column":23}},"3":{"start":{"line":4,"column":0},"end":{"line":4,"column":25}},"4":{"start":{"line":5,"column":0},"end":{"line":5,"column":1}},"5":{"start":{"line":6,"column":0},"end":{"line":6,"column":0}},"6":{"start":{"line":7,"column":0},"end":{"line":7,"column":31}},"7":{"start":{"line":8,"column":0},"end":{"line":8,"column":23}},"8":{"start":{"line":9,"column":0},"end":{"line":9,"column":22}},"9":{"start":{"line":10,"column":0},"end":{"line":10,"column":23}},"10":{"start":{"line":11,"column":0},"end":{"line":11,"column":29}},"11":{"start":{"line":12,"column":0},"end":{"line":12,"column":26}},"12":{"start":{"line":13,"column":0},"end":{"line":13,"column":16}},"13":{"start":{"line":14,"column":0},"end":{"line":14,"column":0}},"14":{"start":{"line":15,"column":0},"end":{"line":15,"column":20}},"15":{"start":{"line":16,"column":0},"end":{"line":16,"column":33}},"16":{"start":{"line":17,"column":0},"end":{"line":17,"column":20}},"17":{"start":{"line":18,"column":0},"end":{"line":18,"column":4}},"18":{"start":{"line":19,"column":0},"end":{"line":19,"column":16}},"19":{"start":{"line":20,"column":0},"end":{"line":20,"column":28}},"20":{"start":{"line":21,"column":0},"end":{"line":21,"column":4}},"21":{"start":{"line":22,"column":0},"end":{"line":22,"column":48}},"22":{"start":{"line":23,"column":0},"end":{"line":23,"column":28}},"23":{"start":{"line":24,"column":0},"end":{"line":24,"column":22}},"24":{"start":{"line":25,"column":0},"end":{"line":25,"column":19}},"25":{"start":{"line":26,"column":0},"end":{"line":26,"column":21}},"26":{"start":{"line":27,"column":0},"end":{"line":27,"column":22}},"27":{"start":{"line":28,"column":0},"end":{"line":28,"column":29}},"28":{"start":{"line":29,"column":0},"end":{"line":29,"column":6}},"29":{"start":{"line":30,"column":0},"end":{"line":30,"column":4}},"30":{"start":{"line":31,"column":0},"end":{"line":31,"column":25}},"31":{"start":{"line":32,"column":0},"end":{"line":32,"column":19}},"32":{"start":{"line":33,"column":0},"end":{"line":33,"column":36}},"33":{"start":{"line":34,"column":0},"end":{"line":34,"column":6}},"34":{"start":{"line":35,"column":0},"end":{"line":35,"column":4}},"35":{"start":{"line":36,"column":0},"end":{"line":36,"column":26}},"36":{"start":{"line":37,"column":0},"end":{"line":37,"column":19}},"37":{"start":{"line":38,"column":0},"end":{"line":38,"column":32}},"38":{"start":{"line":39,"column":0},"end":{"line":39,"column":6}},"39":{"start":{"line":40,"column":0},"end":{"line":40,"column":4}},"40":{"start":{"line":41,"column":0},"end":{"line":41,"column":2}},"41":{"start":{"line":42,"column":0},"end":{"line":42,"column":0}},"42":{"start":{"line":43,"column":0},"end":{"line":43,"column":31}},"43":{"start":{"line":44,"column":0},"end":{"line":44,"column":27}},"44":{"start":{"line":45,"column":0},"end":{"line":45,"column":46}},"45":{"start":{"line":46,"column":0},"end":{"line":46,"column":0}},"46":{"start":{"line":47,"column":0},"end":{"line":47,"column":26}},"47":{"start":{"line":48,"column":0},"end":{"line":48,"column":13}},"48":{"start":{"line":49,"column":0},"end":{"line":49,"column":5}},"49":{"start":{"line":50,"column":0},"end":{"line":50,"column":0}},"50":{"start":{"line":51,"column":0},"end":{"line":51,"column":19}},"51":{"start":{"line":52,"column":0},"end":{"line":52,"column":43}},"52":{"start":{"line":53,"column":0},"end":{"line":53,"column":0}},"53":{"start":{"line":54,"column":0},"end":{"line":54,"column":29}},"54":{"start":{"line":55,"column":0},"end":{"line":55,"column":63}},"55":{"start":{"line":56,"column":0},"end":{"line":56,"column":26}},"56":{"start":{"line":57,"column":0},"end":{"line":57,"column":61}},"57":{"start":{"line":58,"column":0},"end":{"line":58,"column":41}},"58":{"start":{"line":59,"column":0},"end":{"line":59,"column":24}},"59":{"start":{"line":60,"column":0},"end":{"line":60,"column":79}},"60":{"start":{"line":61,"column":0},"end":{"line":61,"column":14}},"61":{"start":{"line":62,"column":0},"end":{"line":62,"column":19}},"62":{"start":{"line":63,"column":0},"end":{"line":63,"column":11}},"63":{"start":{"line":64,"column":0},"end":{"line":64,"column":58}},"64":{"start":{"line":65,"column":0},"end":{"line":65,"column":9}},"65":{"start":{"line":66,"column":0},"end":{"line":66,"column":8}},"66":{"start":{"line":67,"column":0},"end":{"line":67,"column":24}},"67":{"start":{"line":68,"column":0},"end":{"line":68,"column":54}},"68":{"start":{"line":69,"column":0},"end":{"line":69,"column":7}},"69":{"start":{"line":70,"column":0},"end":{"line":70,"column":5}},"70":{"start":{"line":71,"column":0},"end":{"line":71,"column":0}},"71":{"start":{"line":72,"column":0},"end":{"line":72,"column":35}},"72":{"start":{"line":73,"column":0},"end":{"line":73,"column":52}},"73":{"start":{"line":74,"column":0},"end":{"line":74,"column":5}},"74":{"start":{"line":75,"column":0},"end":{"line":75,"column":0}},"75":{"start":{"line":76,"column":0},"end":{"line":76,"column":65}},"76":{"start":{"line":77,"column":0},"end":{"line":77,"column":40}},"77":{"start":{"line":78,"column":0},"end":{"line":78,"column":34}},"78":{"start":{"line":79,"column":0},"end":{"line":79,"column":64}},"79":{"start":{"line":80,"column":0},"end":{"line":80,"column":12}},"80":{"start":{"line":81,"column":0},"end":{"line":81,"column":46}},"81":{"start":{"line":82,"column":0},"end":{"line":82,"column":5}},"82":{"start":{"line":83,"column":0},"end":{"line":83,"column":0}},"83":{"start":{"line":84,"column":0},"end":{"line":84,"column":35}},"84":{"start":{"line":85,"column":0},"end":{"line":85,"column":31}},"85":{"start":{"line":86,"column":0},"end":{"line":86,"column":5}},"86":{"start":{"line":87,"column":0},"end":{"line":87,"column":35}},"87":{"start":{"line":88,"column":0},"end":{"line":88,"column":31}},"88":{"start":{"line":89,"column":0},"end":{"line":89,"column":5}},"89":{"start":{"line":90,"column":0},"end":{"line":90,"column":42}},"90":{"start":{"line":91,"column":0},"end":{"line":91,"column":30}},"91":{"start":{"line":92,"column":0},"end":{"line":92,"column":32}},"92":{"start":{"line":93,"column":0},"end":{"line":93,"column":5}},"93":{"start":{"line":94,"column":0},"end":{"line":94,"column":1}},"94":{"start":{"line":95,"column":0},"end":{"line":95,"column":0}},"95":{"start":{"line":96,"column":0},"end":{"line":96,"column":18}},"96":{"start":{"line":97,"column":0},"end":{"line":97,"column":7}},"97":{"start":{"line":98,"column":0},"end":{"line":98,"column":16}},"98":{"start":{"line":99,"column":0},"end":{"line":99,"column":2}}},"s":{"0":10,"1":10,"2":10,"3":10,"4":10,"5":1,"6":1,"7":1,"8":1,"9":1,"10":1,"11":1,"12":1,"13":1,"14":1,"15":1,"16":1,"17":1,"18":1,"19":1,"20":1,"21":1,"22":1,"23":1,"24":1,"25":1,"26":1,"27":1,"28":1,"29":1,"30":1,"31":1,"32":1,"33":1,"34":1,"35":1,"36":1,"37":1,"38":1,"39":1,"40":1,"41":1,"42":10,"43":10,"44":10,"45":10,"46":10,"47":1,"48":1,"49":9,"50":9,"51":9,"52":9,"53":10,"54":6,"55":6,"56":11,"57":11,"58":0,"59":0,"60":0,"61":0,"62":0,"63":11,"64":11,"65":6,"66":6,"67":5,"68":5,"69":6,"70":9,"71":10,"72":3,"73":3,"74":9,"75":10,"76":8,"77":8,"78":7,"79":7,"80":7,"81":7,"82":9,"83":10,"84":1,"85":1,"86":10,"87":1,"88":1,"89":9,"90":9,"91":9,"92":9,"93":10,"94":1,"95":1,"96":1,"97":1,"98":1},"branchMap":{"0":{"type":"branch","line":1,"loc":{"start":{"line":1,"column":0},"end":{"line":5,"column":1}},"locations":[{"start":{"line":1,"column":0},"end":{"line":5,"column":1}}]},"1":{"type":"branch","line":43,"loc":{"start":{"line":43,"column":0},"end":{"line":94,"column":1}},"locations":[{"start":{"line":43,"column":0},"end":{"line":94,"column":1}}]},"2":{"type":"branch","line":44,"loc":{"start":{"line":44,"column":17},"end":{"line":93,"column":5}},"locations":[{"start":{"line":44,"column":17},"end":{"line":93,"column":5}}]},"3":{"type":"branch","line":45,"loc":{"start":{"line":45,"column":18},"end":{"line":45,"column":46}},"locations":[{"start":{"line":45,"column":18},"end":{"line":45,"column":46}}]},"4":{"type":"branch","line":47,"loc":{"start":{"line":47,"column":25},"end":{"line":49,"column":5}},"locations":[{"start":{"line":47,"column":25},"end":{"line":49,"column":5}}]},"5":{"type":"branch","line":50,"loc":{"start":{"line":50,"column":-1},"end":{"line":54,"column":8}},"locations":[{"start":{"line":50,"column":-1},"end":{"line":54,"column":8}}]},"6":{"type":"branch","line":54,"loc":{"start":{"line":54,"column":28},"end":{"line":70,"column":5}},"locations":[{"start":{"line":54,"column":28},"end":{"line":70,"column":5}}]},"7":{"type":"branch","line":67,"loc":{"start":{"line":67,"column":23},"end":{"line":69,"column":7}},"locations":[{"start":{"line":67,"column":23},"end":{"line":69,"column":7}}]},"8":{"type":"branch","line":71,"loc":{"start":{"line":71,"column":-1},"end":{"line":72,"column":8}},"locations":[{"start":{"line":71,"column":-1},"end":{"line":72,"column":8}}]},"9":{"type":"branch","line":72,"loc":{"start":{"line":72,"column":34},"end":{"line":74,"column":5}},"locations":[{"start":{"line":72,"column":34},"end":{"line":74,"column":5}}]},"10":{"type":"branch","line":75,"loc":{"start":{"line":75,"column":-1},"end":{"line":76,"column":12}},"locations":[{"start":{"line":75,"column":-1},"end":{"line":76,"column":12}}]},"11":{"type":"branch","line":76,"loc":{"start":{"line":76,"column":8},"end":{"line":76,"column":64}},"locations":[{"start":{"line":76,"column":8},"end":{"line":76,"column":64}}]},"12":{"type":"branch","line":76,"loc":{"start":{"line":76,"column":64},"end":{"line":78,"column":11}},"locations":[{"start":{"line":76,"column":64},"end":{"line":78,"column":11}}]},"13":{"type":"branch","line":76,"loc":{"start":{"line":76,"column":4},"end":{"line":82,"column":5}},"locations":[{"start":{"line":76,"column":4},"end":{"line":82,"column":5}}]},"14":{"type":"branch","line":78,"loc":{"start":{"line":78,"column":33},"end":{"line":80,"column":11}},"locations":[{"start":{"line":78,"column":33},"end":{"line":80,"column":11}}]},"15":{"type":"branch","line":78,"loc":{"start":{"line":78,"column":11},"end":{"line":82,"column":5}},"locations":[{"start":{"line":78,"column":11},"end":{"line":82,"column":5}}]},"16":{"type":"branch","line":83,"loc":{"start":{"line":83,"column":-1},"end":{"line":84,"column":8}},"locations":[{"start":{"line":83,"column":-1},"end":{"line":84,"column":8}}]},"17":{"type":"branch","line":84,"loc":{"start":{"line":84,"column":34},"end":{"line":86,"column":5}},"locations":[{"start":{"line":84,"column":34},"end":{"line":86,"column":5}}]},"18":{"type":"branch","line":87,"loc":{"start":{"line":87,"column":-1},"end":{"line":87,"column":8}},"locations":[{"start":{"line":87,"column":-1},"end":{"line":87,"column":8}}]},"19":{"type":"branch","line":87,"loc":{"start":{"line":87,"column":34},"end":{"line":89,"column":5}},"locations":[{"start":{"line":87,"column":34},"end":{"line":89,"column":5}}]},"20":{"type":"branch","line":90,"loc":{"start":{"line":90,"column":-1},"end":{"line":93,"column":5}},"locations":[{"start":{"line":90,"column":-1},"end":{"line":93,"column":5}}]},"21":{"type":"branch","line":56,"loc":{"start":{"line":56,"column":9},"end":{"line":65,"column":9}},"locations":[{"start":{"line":56,"column":9},"end":{"line":65,"column":9}}]},"22":{"type":"branch","line":58,"loc":{"start":{"line":58,"column":40},"end":{"line":63,"column":11}},"locations":[{"start":{"line":58,"column":40},"end":{"line":63,"column":11}}]},"23":{"type":"branch","line":64,"loc":{"start":{"line":64,"column":17},"end":{"line":64,"column":58}},"locations":[{"start":{"line":64,"column":17},"end":{"line":64,"column":58}}]}},"b":{"0":[10],"1":[10],"2":[10],"3":[2],"4":[1],"5":[9],"6":[6],"7":[5],"8":[9],"9":[3],"10":[9],"11":[2],"12":[1],"13":[8],"14":[1],"15":[7],"16":[9],"17":[1],"18":[9],"19":[1],"20":[9],"21":[11],"22":[0],"23":[8]},"fnMap":{"0":{"name":"Item","decl":{"start":{"line":1,"column":0},"end":{"line":5,"column":1}},"loc":{"start":{"line":1,"column":0},"end":{"line":5,"column":1}},"line":1},"1":{"name":"updateQuality","decl":{"start":{"line":43,"column":0},"end":{"line":94,"column":1}},"loc":{"start":{"line":43,"column":0},"end":{"line":94,"column":1}},"line":43}},"f":{"0":10,"1":10}}
}
