TN:
SF:src/gilded-rose.js
FN:1,Item
FN:43,updateQuality
FNF:2
FNH:2
FNDA:10,Item
FNDA:10,updateQuality
DA:1,10
DA:2,10
DA:3,10
DA:4,10
DA:5,10
DA:6,1
DA:7,1
DA:8,1
DA:9,1
DA:10,1
DA:11,1
DA:12,1
DA:13,1
DA:14,1
DA:15,1
DA:16,1
DA:17,1
DA:18,1
DA:19,1
DA:20,1
DA:21,1
DA:22,1
DA:23,1
DA:24,1
DA:25,1
DA:26,1
DA:27,1
DA:28,1
DA:29,1
DA:30,1
DA:31,1
DA:32,1
DA:33,1
DA:34,1
DA:35,1
DA:36,1
DA:37,1
DA:38,1
DA:39,1
DA:40,1
DA:41,1
DA:42,1
DA:43,10
DA:44,10
DA:45,10
DA:46,10
DA:47,10
DA:48,1
DA:49,1
DA:50,9
DA:51,9
DA:52,9
DA:53,9
DA:54,10
DA:55,6
DA:56,6
DA:57,11
DA:58,11
DA:59,0
DA:60,0
DA:61,0
DA:62,0
DA:63,0
DA:64,11
DA:65,11
DA:66,6
DA:67,6
DA:68,5
DA:69,5
DA:70,6
DA:71,9
DA:72,10
DA:73,3
DA:74,3
DA:75,9
DA:76,10
DA:77,8
DA:78,8
DA:79,7
DA:80,7
DA:81,7
DA:82,7
DA:83,9
DA:84,10
DA:85,1
DA:86,1
DA:87,10
DA:88,1
DA:89,1
DA:90,9
DA:91,9
DA:92,9
DA:93,9
DA:94,10
DA:95,1
DA:96,1
DA:97,1
DA:98,1
DA:99,1
LF:99
LH:94
BRDA:1,0,0,10
BRDA:43,1,0,10
BRDA:44,2,0,10
BRDA:45,3,0,2
BRDA:47,4,0,1
BRDA:50,5,0,9
BRDA:54,6,0,6
BRDA:67,7,0,5
BRDA:71,8,0,9
BRDA:72,9,0,3
BRDA:75,10,0,9
BRDA:76,11,0,2
BRDA:76,12,0,1
BRDA:76,13,0,8
BRDA:78,14,0,1
BRDA:78,15,0,7
BRDA:83,16,0,9
BRDA:84,17,0,1
BRDA:87,18,0,9
BRDA:87,19,0,1
BRDA:90,20,0,9
BRDA:56,21,0,11
BRDA:58,22,0,0
BRDA:64,23,0,8
BRF:24
BRH:23
end_of_record
